<?xml version="1.0" encoding="UTF-8"?>
<!-- Generated by org.testng.reporters.JUnitReportReporter -->
<testsuite hostname="dda-PC" name="archivesManageModule.TestLogin" tests="1" failures="0" timestamp="13 Dec 2017 03:38:09 GMT" time="1.892" errors="0">
  <testcase name="login" time="1.892" classname="archivesManageModule.TestLogin"/>
</testsuite> <!-- archivesManageModule.TestLogin -->
