<?xml version="1.0" encoding="UTF-8"?>
<!-- Generated by org.testng.reporters.JUnitReportReporter -->
<testsuite hostname="dda-PC" name="pages.LoginHomepage" tests="1" failures="0" timestamp="12 Dec 2017 07:02:58 GMT" time="4.411" errors="0">
  <testcase name="testLogin" time="4.411" classname="pages.LoginHomepage"/>
</testsuite> <!-- pages.LoginHomepage -->
