<?xml version="1.0" encoding="UTF-8"?>
<!-- Generated by org.testng.reporters.JUnitReportReporter -->
<testsuite hostname="dda-PC" name="testNg.TestNgcase" tests="1" failures="0" timestamp="11 Dec 2017 02:38:55 GMT" time="0.010" errors="0">
  <testcase name="testcase" time="0.010" classname="testNg.TestNgcase"/>
</testsuite> <!-- testNg.TestNgcase -->
