<?xml version="1.0" encoding="UTF-8"?>
<!-- Generated by org.testng.reporters.JUnitReportReporter -->
<testsuite hostname="dda-PC" name="testNg.AnnotationTest" tests="2" failures="0" timestamp="11 Dec 2017 02:37:41 GMT" time="0.014" errors="0">
  <testcase name="testcase1" time="0.011" classname="testNg.AnnotationTest"/>
  <testcase name="testcase2" time="0.003" classname="testNg.AnnotationTest"/>
</testsuite> <!-- testNg.AnnotationTest -->
